<?xml version="1.0" encoding="UTF-8"?>
<!-- Generated by org.testng.reporters.JUnitReportReporter -->
<testsuite skipped="0" hostname="PRATYUSH-PC" name="Tet.F" tests="1" failures="0" timestamp="25 Mar 2018 12:29:19 GMT" time="0.041" errors="0">
  <testcase name="mani" time="0.041" classname="Tet.F"/>
</testsuite> <!-- Tet.F -->
