<?xml version="1.0" encoding="UTF-8"?>
<!-- Generated by org.testng.reporters.JUnitReportReporter -->
<testsuite skipped="0" hostname="PRATYUSH-PC" name="Tet.C" tests="1" failures="0" timestamp="24 Mar 2018 13:57:59 GMT" time="0.030" errors="0">
  <testcase name="third" time="0.030" classname="Tet.C"/>
</testsuite> <!-- Tet.C -->
