<?xml version="1.0" encoding="UTF-8"?>
<!-- Generated by org.testng.reporters.JUnitReportReporter -->
<testsuite skipped="0" hostname="PRATYUSH-PC" name="Tet.B" tests="1" failures="0" timestamp="25 Mar 2018 04:54:55 GMT" time="0.023" errors="0">
  <testcase name="pull" time="0.023" classname="Tet.B"/>
</testsuite> <!-- Tet.B -->
